--------------------------------------------------
----- Marvellous Platform Surveillance System ----
Log created at : Sat Feb  7 20:29:23 2026
--------------------------------------------------

------------- System Report ------------
CPU Usage : 1.2 %
--------------------------------------------------
RAM Usage : 69.5 %
--------------------------------------------------
Disk Usage Report
--------------------------------------------------
/ -> 4.5 % used
/System/Volumes/VM -> 0.0 % used
/System/Volumes/Preboot -> 3.0 % used
/System/Volumes/Update -> 0.0 % used
/System/Volumes/xarts -> 1.2 % used
/System/Volumes/iSCPreboot -> 1.2 % used
/System/Volumes/Hardware -> 0.3 % used
/System/Volumes/Data -> 45.0 % used
--------------------------------------------------

Network Usage Report
Sent : 2.63 MBReceived : 6.23 MB--------------------------------------------------
--------------------------------------------------
---------------- End of Log File -----------------
--------------------------------------------------
