--------------------------------------------------
----- Marvellous Platform Surveillance System ----
Log created at : Wed Feb 11 22:34:19 2026
--------------------------------------------------

------------- System Report ------------
CPU Usage : 12.5 %
--------------------------------------------------
RAM Usage : 74.7 %
--------------------------------------------------
Disk Usage Report
--------------------------------------------------
/ -> 4.5 % used
/System/Volumes/VM -> 0.0 % used
/System/Volumes/Preboot -> 3.0 % used
/System/Volumes/Update -> 0.0 % used
/System/Volumes/xarts -> 1.2 % used
/System/Volumes/iSCPreboot -> 1.2 % used
/System/Volumes/Hardware -> 0.3 % used
/System/Volumes/Data -> 45.1 % used
/Library/Developer/CoreSimulator/Volumes/iOS_21A342 -> 97.1 % used
/Library/Developer/CoreSimulator/Cryptex/Images/bundle/SimRuntimeBundle-5DD2BA0C-4F62-4F23-A861-CB2693255A2A -> 97.1 % used
/Library/Developer/CoreSimulator/Volumes/iOS_22D8075 -> 97.5 % used
/Library/Developer/CoreSimulator/Volumes/iOS_21E213 -> 97.2 % used
--------------------------------------------------
Network Usage Report
Sent : 47.68 MB
Received : 277.52 MB
--------------------------------------------------


PID        Name                                               Username        Status          Create Time               No Of Threads   No Of Open Files          CPU Percent     Memory Percent 
--------------------------------------------------------------------------------------------------------------------------------------------------------------------------------------------------------
393        loginwindow                                        root            sleeping        2026-02-11 20:22:10       3               10                        0.0             0.59967041015625
--------------------------------------------------------------------------------------------------------------------------------------------------------------------------------------------------------
555        distnoted                                          aniket          running         2026-02-11 20:22:10       3               4                         0.0             0.05340576171875
--------------------------------------------------------------------------------------------------------------------------------------------------------------------------------------------------------
562        cfprefsd                                           aniket          running         2026-02-11 20:22:10       3               3                         0.0             0.06542205810546875
--------------------------------------------------------------------------------------------------------------------------------------------------------------------------------------------------------
568        UserEventAgent                                     aniket          running         2026-02-11 20:22:10       2               214                       0.0             0.19435882568359375
--------------------------------------------------------------------------------------------------------------------------------------------------------------------------------------------------------
576        universalaccessd                                   aniket          running         2026-02-11 20:22:10       7               3                         0.0             0.1781463623046875
--------------------------------------------------------------------------------------------------------------------------------------------------------------------------------------------------------
577        containermanagerd                                  aniket          running         2026-02-11 20:22:10       2               3                         0.0             0.0766754150390625
--------------------------------------------------------------------------------------------------------------------------------------------------------------------------------------------------------
578        WindowManager                                      aniket          running         2026-02-11 20:22:10       6               4                         0.0             0.283050537109375
--------------------------------------------------------------------------------------------------------------------------------------------------------------------------------------------------------
579        pboard                                             aniket          running         2026-02-11 20:22:10       3               4                         0.0             0.12569427490234375
--------------------------------------------------------------------------------------------------------------------------------------------------------------------------------------------------------
581        corespotlightd                                     aniket          running         2026-02-11 20:22:10       5               124                       0.0             0.47245025634765625
--------------------------------------------------------------------------------------------------------------------------------------------------------------------------------------------------------
583        BiomeAgent                                         aniket          running         2026-02-11 20:22:10       2               15                        0.0             0.16803741455078125
--------------------------------------------------------------------------------------------------------------------------------------------------------------------------------------------------------
585        Dock                                               aniket          running         2026-02-11 20:22:11       4               4                         0.0             0.26416778564453125
--------------------------------------------------------------------------------------------------------------------------------------------------------------------------------------------------------
586        lsd                                                aniket          running         2026-02-11 20:22:11       3               3                         0.0             0.13751983642578125
--------------------------------------------------------------------------------------------------------------------------------------------------------------------------------------------------------
587        ControlCenter                                      aniket          running         2026-02-11 20:22:11       8               21                        0.0             0.6105422973632812
--------------------------------------------------------------------------------------------------------------------------------------------------------------------------------------------------------
588        linkd                                              aniket          running         2026-02-11 20:22:11       3               22                        0.0             0.200653076171875
--------------------------------------------------------------------------------------------------------------------------------------------------------------------------------------------------------
589        SystemUIServer                                     aniket          running         2026-02-11 20:22:11       3               3                         0.0             0.41103363037109375
--------------------------------------------------------------------------------------------------------------------------------------------------------------------------------------------------------
590        Finder                                             aniket          running         2026-02-11 20:22:11       9               10                        4.0             0.9107589721679688
--------------------------------------------------------------------------------------------------------------------------------------------------------------------------------------------------------
593        secd                                               aniket          running         2026-02-11 20:22:11       2               23                        0.0             0.14781951904296875
--------------------------------------------------------------------------------------------------------------------------------------------------------------------------------------------------------
596        AccessibilityUIServer                              aniket          running         2026-02-11 20:22:11       3               3                         0.0             0.43048858642578125
--------------------------------------------------------------------------------------------------------------------------------------------------------------------------------------------------------
597        accountsd                                          aniket          running         2026-02-11 20:22:11       2               13                        0.0             0.34160614013671875
--------------------------------------------------------------------------------------------------------------------------------------------------------------------------------------------------------
605        WallpaperAgent                                     aniket          running         2026-02-11 20:22:11       3               3                         0.0             0.2208709716796875
--------------------------------------------------------------------------------------------------------------------------------------------------------------------------------------------------------
612        com.apple.hiservices-xpcservice                    aniket          running         2026-02-11 20:22:11       2               3                         0.0             0.04444122314453125
--------------------------------------------------------------------------------------------------------------------------------------------------------------------------------------------------------
613        trustd                                             aniket          running         2026-02-11 20:22:11       2               23                        0.0             0.14286041259765625
--------------------------------------------------------------------------------------------------------------------------------------------------------------------------------------------------------
617        ContinuityCaptureAgent                             aniket          running         2026-02-11 20:22:11       4               3                         0.0             0.08697509765625
--------------------------------------------------------------------------------------------------------------------------------------------------------------------------------------------------------
618        usernotificationsd                                 aniket          running         2026-02-11 20:22:11       2               3                         0.0             0.12912750244140625
--------------------------------------------------------------------------------------------------------------------------------------------------------------------------------------------------------
619        sharedfilelistd                                    aniket          running         2026-02-11 20:22:11       3               3                         0.0             0.18177032470703125
--------------------------------------------------------------------------------------------------------------------------------------------------------------------------------------------------------
627        identityservicesd                                  aniket          running         2026-02-11 20:22:11       4               34                        0.0             0.23708343505859375
--------------------------------------------------------------------------------------------------------------------------------------------------------------------------------------------------------
628        fontd                                              aniket          running         2026-02-11 20:22:11       2               47                        0.0             0.04825592041015625
--------------------------------------------------------------------------------------------------------------------------------------------------------------------------------------------------------
631        AMPDeviceDiscoveryAgent                            aniket          running         2026-02-11 20:22:11       5               7                         0.0             0.06122589111328125
--------------------------------------------------------------------------------------------------------------------------------------------------------------------------------------------------------
633        CMFSyncAgent                                       aniket          running         2026-02-11 20:22:11       2               3                         0.0             0.0904083251953125
--------------------------------------------------------------------------------------------------------------------------------------------------------------------------------------------------------
635        chronod                                            aniket          running         2026-02-11 20:22:11       3               11                        0.0             0.43010711669921875
--------------------------------------------------------------------------------------------------------------------------------------------------------------------------------------------------------
636        ViewBridgeAuxiliary                                aniket          running         2026-02-11 20:22:11       3               3                         0.0             0.12912750244140625
--------------------------------------------------------------------------------------------------------------------------------------------------------------------------------------------------------
638        fontworker                                         aniket          running         2026-02-11 20:22:11       2               3                         0.0             0.09822845458984375
--------------------------------------------------------------------------------------------------------------------------------------------------------------------------------------------------------
645        WallpaperImageExtension                            aniket          sleeping        2026-02-11 20:22:11       2               3                         0.0             0.08220672607421875
--------------------------------------------------------------------------------------------------------------------------------------------------------------------------------------------------------
648        corespeechd                                        aniket          running         2026-02-11 20:22:11       6               4                         0.0             0.1529693603515625
--------------------------------------------------------------------------------------------------------------------------------------------------------------------------------------------------------
649        CredentialStore                                    aniket          running         2026-02-11 20:22:11       2               5                         0.0             0.0583648681640625
--------------------------------------------------------------------------------------------------------------------------------------------------------------------------------------------------------
652        ContextStoreAgent                                  aniket          running         2026-02-11 20:22:11       3               23                        0.0             0.26035308837890625
--------------------------------------------------------------------------------------------------------------------------------------------------------------------------------------------------------
656        NotificationCenter                                 aniket          running         2026-02-11 20:22:11       4               3                         0.0             0.42324066162109375
--------------------------------------------------------------------------------------------------------------------------------------------------------------------------------------------------------
657        imklaunchagent                                     aniket          running         2026-02-11 20:22:11       2               4                         0.0             0.06999969482421875
--------------------------------------------------------------------------------------------------------------------------------------------------------------------------------------------------------
660        icdd                                               aniket          running         2026-02-11 20:22:11       2               13                        0.0             0.04291534423828125
--------------------------------------------------------------------------------------------------------------------------------------------------------------------------------------------------------
663        usernoted                                          aniket          running         2026-02-11 20:22:11       2               7                         0.0             0.18863677978515625
--------------------------------------------------------------------------------------------------------------------------------------------------------------------------------------------------------
668        sharingd                                           aniket          running         2026-02-11 20:22:11       4               24                        0.0             0.40988922119140625
--------------------------------------------------------------------------------------------------------------------------------------------------------------------------------------------------------
671        AirPlayUIAgent                                     aniket          running         2026-02-11 20:22:11       3               3                         0.0             0.1556396484375
--------------------------------------------------------------------------------------------------------------------------------------------------------------------------------------------------------
672        imagent                                            aniket          running         2026-02-11 20:22:11       3               10                        0.0             0.20198822021484375
--------------------------------------------------------------------------------------------------------------------------------------------------------------------------------------------------------
673        diagnostics_agent                                  aniket          running         2026-02-11 20:22:11       3               4                         0.0             0.10547637939453125
--------------------------------------------------------------------------------------------------------------------------------------------------------------------------------------------------------
674        TextInputMenuAgent                                 aniket          running         2026-02-11 20:22:11       3               5                         0.0             0.46787261962890625
--------------------------------------------------------------------------------------------------------------------------------------------------------------------------------------------------------
677        rapportd                                           aniket          running         2026-02-11 20:22:11       3               19                        0.0             0.17547607421875
--------------------------------------------------------------------------------------------------------------------------------------------------------------------------------------------------------
689        WallpaperAerialsExtension                          aniket          sleeping        2026-02-11 20:22:12       2               4                         0.0             0.083160400390625
--------------------------------------------------------------------------------------------------------------------------------------------------------------------------------------------------------
694        coreauthd                                          aniket          running         2026-02-11 20:22:12       2               5                         0.0             0.14019012451171875
--------------------------------------------------------------------------------------------------------------------------------------------------------------------------------------------------------
702        nsurlsessiond                                      aniket          running         2026-02-11 20:22:12       7               10                        0.0             0.168609619140625
--------------------------------------------------------------------------------------------------------------------------------------------------------------------------------------------------------
703        useractivityd                                      aniket          running         2026-02-11 20:22:12       2               3                         0.0             0.0896453857421875
--------------------------------------------------------------------------------------------------------------------------------------------------------------------------------------------------------
704        familycircled                                      aniket          running         2026-02-11 20:22:12       3               4                         0.0             0.090789794921875
--------------------------------------------------------------------------------------------------------------------------------------------------------------------------------------------------------
705        StatusKitAgent                                     aniket          running         2026-02-11 20:22:12       2               13                        0.0             0.098419189453125
--------------------------------------------------------------------------------------------------------------------------------------------------------------------------------------------------------
706        com.apple.dock.extra                               aniket          sleeping        2026-02-11 20:22:12       3               3                         0.0             0.17242431640625
--------------------------------------------------------------------------------------------------------------------------------------------------------------------------------------------------------
708        ctkahp                                             aniket          running         2026-02-11 20:22:12       2               3                         0.0             0.05893707275390625
--------------------------------------------------------------------------------------------------------------------------------------------------------------------------------------------------------
713        WiFiAgent                                          aniket          running         2026-02-11 20:22:12       5               6                         0.0             0.388336181640625
--------------------------------------------------------------------------------------------------------------------------------------------------------------------------------------------------------
714        duetexpertd                                        aniket          running         2026-02-11 20:22:13       4               33                        0.0             0.39577484130859375
--------------------------------------------------------------------------------------------------------------------------------------------------------------------------------------------------------
722        CursorUIViewService                                aniket          running         2026-02-11 20:22:13       3               4                         0.0             0.32520294189453125
--------------------------------------------------------------------------------------------------------------------------------------------------------------------------------------------------------
723        PAH_Extension                                      aniket          sleeping        2026-02-11 20:22:13       3               3                         0.0             0.17414093017578125
--------------------------------------------------------------------------------------------------------------------------------------------------------------------------------------------------------
724        Spotlight                                          aniket          running         2026-02-11 20:22:13       6               22                        0.0             0.7577896118164062
--------------------------------------------------------------------------------------------------------------------------------------------------------------------------------------------------------
727        com.apple.Notes.WidgetExtension                    aniket          sleeping        2026-02-11 20:22:13       4               3                         0.0             0.1018524169921875
--------------------------------------------------------------------------------------------------------------------------------------------------------------------------------------------------------
728        UIKitSystem                                        aniket          running         2026-02-11 20:22:13       2               6                         0.0             0.21419525146484375
--------------------------------------------------------------------------------------------------------------------------------------------------------------------------------------------------------
729        parsecd                                            aniket          running         2026-02-11 20:22:13       2               8                         0.0             0.18978118896484375
--------------------------------------------------------------------------------------------------------------------------------------------------------------------------------------------------------
743        networkserviceproxy                                aniket          running         2026-02-11 20:22:14       3               20                        0.0             0.1743316650390625
--------------------------------------------------------------------------------------------------------------------------------------------------------------------------------------------------------
752        CalendarWidgetExtension                            aniket          sleeping        2026-02-11 20:22:14       5               3                         0.0             0.2292633056640625
--------------------------------------------------------------------------------------------------------------------------------------------------------------------------------------------------------
758        ShortcutsWidgetExtension                           aniket          sleeping        2026-02-11 20:22:14       4               3                         0.0             0.229644775390625
--------------------------------------------------------------------------------------------------------------------------------------------------------------------------------------------------------
763        PeopleWidget_macOSExtension                        aniket          sleeping        2026-02-11 20:22:15       4               3                         0.0             0.095367431640625
--------------------------------------------------------------------------------------------------------------------------------------------------------------------------------------------------------
767        FortiClientAgent                                   aniket          running         2026-02-11 20:22:15       3               3                         0.0             0.41675567626953125
--------------------------------------------------------------------------------------------------------------------------------------------------------------------------------------------------------
768        SafariWidgetExtension                              aniket          sleeping        2026-02-11 20:22:15       5               11                        0.0             0.09593963623046875
--------------------------------------------------------------------------------------------------------------------------------------------------------------------------------------------------------
772        mediaremoteagent                                   aniket          running         2026-02-11 20:22:15       2               3                         0.0             0.02880096435546875
--------------------------------------------------------------------------------------------------------------------------------------------------------------------------------------------------------
773        avconferenced                                      aniket          running         2026-02-11 20:22:15       4               3                         0.0             0.08792877197265625
--------------------------------------------------------------------------------------------------------------------------------------------------------------------------------------------------------
791        commerce                                           aniket          running         2026-02-11 20:22:16       2               8                         0.0             0.09708404541015625
--------------------------------------------------------------------------------------------------------------------------------------------------------------------------------------------------------
809        FctMiscAgent                                       aniket          running         2026-02-11 20:22:16       4               6                         0.0             0.46844482421875
--------------------------------------------------------------------------------------------------------------------------------------------------------------------------------------------------------
811        FortiTray                                          aniket          running         2026-02-11 20:22:16       7               9                         0.0             0.5384445190429688
--------------------------------------------------------------------------------------------------------------------------------------------------------------------------------------------------------
822        WeatherWidget                                      aniket          sleeping        2026-02-11 20:22:17       12              27                        0.0             0.41790008544921875
--------------------------------------------------------------------------------------------------------------------------------------------------------------------------------------------------------
824        assistantd                                         aniket          running         2026-02-11 20:22:17       4               29                        0.0             0.21953582763671875
--------------------------------------------------------------------------------------------------------------------------------------------------------------------------------------------------------
826        ScreenTimeWidgetExtension                          aniket          sleeping        2026-02-11 20:22:17       6               3                         0.0             0.44231414794921875
--------------------------------------------------------------------------------------------------------------------------------------------------------------------------------------------------------
829        StocksWidget                                       aniket          sleeping        2026-02-11 20:22:17       13              25                        0.0             0.43182373046875
--------------------------------------------------------------------------------------------------------------------------------------------------------------------------------------------------------
832        WorldClockWidget                                   aniket          sleeping        2026-02-11 20:22:17       6               5                         0.0             0.28209686279296875
--------------------------------------------------------------------------------------------------------------------------------------------------------------------------------------------------------
833        ScreenTimeWidgetIntentsExtension                   aniket          sleeping        2026-02-11 20:22:17       4               3                         0.0             0.18825531005859375
--------------------------------------------------------------------------------------------------------------------------------------------------------------------------------------------------------
834        WeatherIntents                                     aniket          sleeping        2026-02-11 20:22:17       5               3                         0.0             0.177764892578125
--------------------------------------------------------------------------------------------------------------------------------------------------------------------------------------------------------
835        MobileTimerIntents                                 aniket          sleeping        2026-02-11 20:22:17       4               5                         0.0             0.07171630859375
--------------------------------------------------------------------------------------------------------------------------------------------------------------------------------------------------------
837        BatteriesAvocadoWidgetExtension                    aniket          sleeping        2026-02-11 20:22:18       4               3                         0.0             0.19054412841796875
--------------------------------------------------------------------------------------------------------------------------------------------------------------------------------------------------------
838        VoiceMemosSettingsWidgetExtension                  aniket          sleeping        2026-02-11 20:22:18       3               3                         0.0             0.17223358154296875
--------------------------------------------------------------------------------------------------------------------------------------------------------------------------------------------------------
839        HomeWidget                                         aniket          sleeping        2026-02-11 20:22:18       8               3                         0.0             0.24242401123046875
--------------------------------------------------------------------------------------------------------------------------------------------------------------------------------------------------------
840        JournalWidgetsSecure                               aniket          sleeping        2026-02-11 20:22:18       5               3                         0.0             0.1922607421875
--------------------------------------------------------------------------------------------------------------------------------------------------------------------------------------------------------
842        FindMyWidgetPeople                                 aniket          sleeping        2026-02-11 20:22:18       5               3                         0.0             0.20198822021484375
--------------------------------------------------------------------------------------------------------------------------------------------------------------------------------------------------------
843        HomeEnergyWidgetsExtension                         aniket          sleeping        2026-02-11 20:22:18       9               3                         0.0             0.2414703369140625
--------------------------------------------------------------------------------------------------------------------------------------------------------------------------------------------------------
844        JournalWidgets                                     aniket          sleeping        2026-02-11 20:22:18       4               3                         0.0             0.19321441650390625
--------------------------------------------------------------------------------------------------------------------------------------------------------------------------------------------------------
845        PodcastsWidget                                     aniket          sleeping        2026-02-11 20:22:18       5               3                         0.0             0.2288818359375
--------------------------------------------------------------------------------------------------------------------------------------------------------------------------------------------------------
846        FindMyWidgetItems                                  aniket          sleeping        2026-02-11 20:22:18       4               3                         0.0             0.20198822021484375
--------------------------------------------------------------------------------------------------------------------------------------------------------------------------------------------------------
848        RecordWidgetExtension                              aniket          sleeping        2026-02-11 20:22:18       3               3                         0.0             0.16918182373046875
--------------------------------------------------------------------------------------------------------------------------------------------------------------------------------------------------------
849        TipsWidgetExtension                                aniket          sleeping        2026-02-11 20:22:18       3               3                         0.0             0.07877349853515625
--------------------------------------------------------------------------------------------------------------------------------------------------------------------------------------------------------
851        RemindersWidgetExtension                           aniket          sleeping        2026-02-11 20:22:18       3               3                         0.0             0.0946044921875
--------------------------------------------------------------------------------------------------------------------------------------------------------------------------------------------------------
853        PhotosReliveWidget                                 aniket          sleeping        2026-02-11 20:22:18       4               3                         0.0             0.080108642578125
--------------------------------------------------------------------------------------------------------------------------------------------------------------------------------------------------------
866        spotlightknowledged                                aniket          running         2026-02-11 20:22:19       5               99                        0.0             0.16155242919921875
--------------------------------------------------------------------------------------------------------------------------------------------------------------------------------------------------------
891        mdbulkimport                                       aniket          running         2026-02-11 20:22:21       2               3                         0.0             0.1415252685546875
--------------------------------------------------------------------------------------------------------------------------------------------------------------------------------------------------------
948        Safari                                             aniket          running         2026-02-11 20:22:45       12              104                       0.0             1.4055252075195312
--------------------------------------------------------------------------------------------------------------------------------------------------------------------------------------------------------
949        com.apple.Safari.History                           aniket          running         2026-02-11 20:22:45       2               7                         0.0             0.11005401611328125
--------------------------------------------------------------------------------------------------------------------------------------------------------------------------------------------------------
951        passd                                              aniket          running         2026-02-11 20:22:45       2               10                        0.0             0.154876708984375
--------------------------------------------------------------------------------------------------------------------------------------------------------------------------------------------------------
957        SafariBookmarksSyncAgent                           aniket          running         2026-02-11 20:22:45       2               11                        0.0             0.159454345703125
--------------------------------------------------------------------------------------------------------------------------------------------------------------------------------------------------------
959        com.apple.WebKit.Networking                        aniket          sleeping        2026-02-11 20:22:46       6               37                        0.0             0.26073455810546875
--------------------------------------------------------------------------------------------------------------------------------------------------------------------------------------------------------
960        com.apple.WebKit.GPU                               aniket          sleeping        2026-02-11 20:22:46       11              17                        0.1             0.41065216064453125
--------------------------------------------------------------------------------------------------------------------------------------------------------------------------------------------------------
962        com.apple.Safari.SearchHelper                      aniket          sleeping        2026-02-11 20:22:46       2               7                         0.0             0.10433197021484375
--------------------------------------------------------------------------------------------------------------------------------------------------------------------------------------------------------
970        remotepairingd                                     aniket          running         2026-02-11 20:22:48       3               11                        0.0             0.0762939453125
--------------------------------------------------------------------------------------------------------------------------------------------------------------------------------------------------------
971        com.apple.CoreSimulator.CoreSimulatorService       aniket          running         2026-02-11 20:22:48       3               15                        0.0             0.19550323486328125
--------------------------------------------------------------------------------------------------------------------------------------------------------------------------------------------------------
974        webinspectord                                      aniket          running         2026-02-11 20:22:48       2               3                         0.0             0.0896453857421875
--------------------------------------------------------------------------------------------------------------------------------------------------------------------------------------------------------
1028       SimLaunchHost.arm64                                aniket          running         2026-02-11 20:22:50       2               3                         0.0             0.02269744873046875
--------------------------------------------------------------------------------------------------------------------------------------------------------------------------------------------------------
1029       SimulatorTrampoline                                aniket          running         2026-02-11 20:22:50       3               3                         0.0             0.18939971923828125
--------------------------------------------------------------------------------------------------------------------------------------------------------------------------------------------------------
1041       AppleSpell                                         aniket          running         2026-02-11 20:22:53       2               12                        0.0             0.5468368530273438
--------------------------------------------------------------------------------------------------------------------------------------------------------------------------------------------------------
1060       CalendarIntentsExtension                           aniket          sleeping        2026-02-11 20:23:07       5               3                         0.0             0.10776519775390625
--------------------------------------------------------------------------------------------------------------------------------------------------------------------------------------------------------
1061       MessagesActionExtension                            aniket          sleeping        2026-02-11 20:23:07       3               3                         0.0             0.20656585693359375
--------------------------------------------------------------------------------------------------------------------------------------------------------------------------------------------------------
1062       com.apple.SafariPlatformSupport.Helper             aniket          sleeping        2026-02-11 20:23:07       3               11                        0.0             0.333404541015625
--------------------------------------------------------------------------------------------------------------------------------------------------------------------------------------------------------
1067       mdwrite                                            aniket          running         2026-02-11 20:23:11       2               3                         0.0             0.03833770751953125
--------------------------------------------------------------------------------------------------------------------------------------------------------------------------------------------------------
1143       managedappdistributionagent                        aniket          running         2026-02-11 20:23:57       2               18                        0.0             0.15316009521484375
--------------------------------------------------------------------------------------------------------------------------------------------------------------------------------------------------------
1280       com.apple.WebKit.WebContent                        aniket          sleeping        2026-02-11 21:07:38       5               4                         0.0             1.7370223999023438
--------------------------------------------------------------------------------------------------------------------------------------------------------------------------------------------------------
1286       com.apple.WebKit.WebContent                        aniket          sleeping        2026-02-11 21:08:10       4               4                         0.0             0.7398605346679688
--------------------------------------------------------------------------------------------------------------------------------------------------------------------------------------------------------
1296       Electron                                           aniket          running         2026-02-11 21:11:28       42              116                       0.5             2.2192001342773438
--------------------------------------------------------------------------------------------------------------------------------------------------------------------------------------------------------
1299       chrome_crashpad_handler                            aniket          running         2026-02-11 21:11:29       4               3                         0.0             0.07171630859375
--------------------------------------------------------------------------------------------------------------------------------------------------------------------------------------------------------
1300       Code Helper (GPU)                                  aniket          running         2026-02-11 21:11:29       20              16                        4.2             1.0118484497070312
--------------------------------------------------------------------------------------------------------------------------------------------------------------------------------------------------------
1301       Code Helper                                        aniket          running         2026-02-11 21:11:29       15              25                        0.0             0.53253173828125
--------------------------------------------------------------------------------------------------------------------------------------------------------------------------------------------------------
1304       Code Helper (Renderer)                             aniket          running         2026-02-11 21:11:30       21              15                        24.2            5.3791046142578125
--------------------------------------------------------------------------------------------------------------------------------------------------------------------------------------------------------
1312       Code Helper                                        aniket          running         2026-02-11 21:11:30       24              47                        0.3             0.8075714111328125
--------------------------------------------------------------------------------------------------------------------------------------------------------------------------------------------------------
1315       Code Helper                                        aniket          running         2026-02-11 21:11:30       23              32                        0.0             0.879669189453125
--------------------------------------------------------------------------------------------------------------------------------------------------------------------------------------------------------
1437       spotlightknowledged                                aniket          running         2026-02-11 21:11:36       3               3                         0.0             0.09365081787109375
--------------------------------------------------------------------------------------------------------------------------------------------------------------------------------------------------------
1668       QLPreviewGenerationExtension                       aniket          sleeping        2026-02-11 21:19:58       3               3                         0.0             0.2285003662109375
--------------------------------------------------------------------------------------------------------------------------------------------------------------------------------------------------------
1694       com.apple.appkit.xpc.openAndSavePanelService       aniket          sleeping        2026-02-11 21:21:14       5               8                         0.1             0.643157958984375
--------------------------------------------------------------------------------------------------------------------------------------------------------------------------------------------------------
1696       Code Helper                                        aniket          running         2026-02-11 21:21:23       25              34                        0.2             0.71258544921875
--------------------------------------------------------------------------------------------------------------------------------------------------------------------------------------------------------
1697       Code Helper (Plugin)                               aniket          running         2026-02-11 21:21:23       21              69                        3.8             3.9745330810546875
--------------------------------------------------------------------------------------------------------------------------------------------------------------------------------------------------------
1712       Code Helper (Plugin)                               aniket          running         2026-02-11 21:21:25       10              16                        0.1             0.717926025390625
--------------------------------------------------------------------------------------------------------------------------------------------------------------------------------------------------------
1719       pet                                                aniket          running         2026-02-11 21:21:28       1               3                         0.0             0.0484466552734375
--------------------------------------------------------------------------------------------------------------------------------------------------------------------------------------------------------
1723       Code Helper (Plugin)                               aniket          running         2026-02-11 21:21:28       14              19                        0.0             0.9134292602539062
--------------------------------------------------------------------------------------------------------------------------------------------------------------------------------------------------------
1727       zsh                                                aniket          sleeping        2026-02-11 21:21:28       1               4                         0.0             0.00705718994140625
--------------------------------------------------------------------------------------------------------------------------------------------------------------------------------------------------------
1799       Code Helper (Plugin)                               aniket          running         2026-02-11 21:21:29       18              25                        0.3             5.145263671875 
--------------------------------------------------------------------------------------------------------------------------------------------------------------------------------------------------------
1862       zsh                                                aniket          sleeping        2026-02-11 21:27:07       1               4                         0.0             0.03223419189453125
--------------------------------------------------------------------------------------------------------------------------------------------------------------------------------------------------------
4322       cloudd                                             aniket          running         2026-02-11 22:00:17       4               11                        0.0             0.2262115478515625
--------------------------------------------------------------------------------------------------------------------------------------------------------------------------------------------------------
4324       CloudTelemetryService                              aniket          sleeping        2026-02-11 22:00:17       2               8                         0.0             0.102996826171875
--------------------------------------------------------------------------------------------------------------------------------------------------------------------------------------------------------
4336       callservicesd                                      aniket          running         2026-02-11 22:00:37       7               6                         0.0             0.28705596923828125
--------------------------------------------------------------------------------------------------------------------------------------------------------------------------------------------------------
4343       pkd                                                aniket          running         2026-02-11 22:00:38       2               3                         0.0             0.12340545654296875
--------------------------------------------------------------------------------------------------------------------------------------------------------------------------------------------------------
4396       audioaccessoryd                                    aniket          running         2026-02-11 22:01:15       3               5                         0.0             0.2101898193359375
--------------------------------------------------------------------------------------------------------------------------------------------------------------------------------------------------------
4397       akd                                                aniket          running         2026-02-11 22:01:16       2               8                         0.0             0.10700225830078125
--------------------------------------------------------------------------------------------------------------------------------------------------------------------------------------------------------
4547       talagentd                                          aniket          running         2026-02-11 22:03:46       2               7                         0.0             0.20999908447265625
--------------------------------------------------------------------------------------------------------------------------------------------------------------------------------------------------------
4888       Siri                                               aniket          running         2026-02-11 22:10:41       3               3                         0.0             0.305938720703125
--------------------------------------------------------------------------------------------------------------------------------------------------------------------------------------------------------
4913       knowledge-agent                                    aniket          running         2026-02-11 22:11:21       3               16                        0.0             0.3223419189453125
--------------------------------------------------------------------------------------------------------------------------------------------------------------------------------------------------------
4914       maild                                              aniket          running         2026-02-11 22:11:21       2               8                         0.0             0.1201629638671875
--------------------------------------------------------------------------------------------------------------------------------------------------------------------------------------------------------
4915       contentlinkingd                                    aniket          running         2026-02-11 22:11:21       3               3                         0.0             0.10833740234375
--------------------------------------------------------------------------------------------------------------------------------------------------------------------------------------------------------
4916       IntelligencePlatformComputeService                 aniket          sleeping        2026-02-11 22:11:22       3               47                        0.0             0.15316009521484375
--------------------------------------------------------------------------------------------------------------------------------------------------------------------------------------------------------
4917       tccd                                               aniket          running         2026-02-11 22:11:22       2               4                         0.0             0.12989044189453125
--------------------------------------------------------------------------------------------------------------------------------------------------------------------------------------------------------
4920       contactsd                                          aniket          running         2026-02-11 22:11:22       2               20                        0.0             0.10242462158203125
--------------------------------------------------------------------------------------------------------------------------------------------------------------------------------------------------------
4922       calaccessd                                         aniket          running         2026-02-11 22:11:22       3               4                         0.0             0.1949310302734375
--------------------------------------------------------------------------------------------------------------------------------------------------------------------------------------------------------
4924       remindd                                            aniket          running         2026-02-11 22:11:22       4               28                        0.0             0.16040802001953125
--------------------------------------------------------------------------------------------------------------------------------------------------------------------------------------------------------
4927       findmylocateagent                                  aniket          running         2026-02-11 22:11:23       2               18                        0.0             0.12989044189453125
--------------------------------------------------------------------------------------------------------------------------------------------------------------------------------------------------------
4929       suggestd                                           aniket          running         2026-02-11 22:11:23       2               40                        0.0             0.24509429931640625
--------------------------------------------------------------------------------------------------------------------------------------------------------------------------------------------------------
4936       routined                                           aniket          running         2026-02-11 22:11:27       2               27                        0.0             0.3314971923828125
--------------------------------------------------------------------------------------------------------------------------------------------------------------------------------------------------------
4938       com.apple.geod                                     aniket          running         2026-02-11 22:11:28       2               9                         0.0             0.1277923583984375
--------------------------------------------------------------------------------------------------------------------------------------------------------------------------------------------------------
4957       SiriNCService                                      aniket          sleeping        2026-02-11 22:11:44       5               3                         0.0             0.26149749755859375
--------------------------------------------------------------------------------------------------------------------------------------------------------------------------------------------------------
4975       extensionkitservice                                aniket          sleeping        2026-02-11 22:14:41       2               3                         0.0             0.153350830078125
--------------------------------------------------------------------------------------------------------------------------------------------------------------------------------------------------------
4976       bird                                               aniket          running         2026-02-11 22:14:41       2               4                         0.0             0.084686279296875
--------------------------------------------------------------------------------------------------------------------------------------------------------------------------------------------------------
4977       fileproviderd                                      aniket          running         2026-02-11 22:14:42       2               4                         0.0             0.1384735107421875
--------------------------------------------------------------------------------------------------------------------------------------------------------------------------------------------------------
4985       CoreServicesUIAgent                                aniket          running         2026-02-11 22:14:43       3               3                         0.0             0.35533905029296875
--------------------------------------------------------------------------------------------------------------------------------------------------------------------------------------------------------
5011       siriactionsd                                       aniket          running         2026-02-11 22:17:36       3               19                        0.0             0.33588409423828125
--------------------------------------------------------------------------------------------------------------------------------------------------------------------------------------------------------
5014       ShortcutsViewService                               aniket          running         2026-02-11 22:17:36       3               3                         0.0             0.29811859130859375
--------------------------------------------------------------------------------------------------------------------------------------------------------------------------------------------------------
5015       liveactivitiesd                                    aniket          running         2026-02-11 22:17:37       2               7                         0.0             0.11920928955078125
--------------------------------------------------------------------------------------------------------------------------------------------------------------------------------------------------------
5020       axassetsd                                          aniket          running         2026-02-11 22:17:49       2               6                         0.0             0.0690460205078125
--------------------------------------------------------------------------------------------------------------------------------------------------------------------------------------------------------
5036       searchpartyuseragent                               aniket          running         2026-02-11 22:21:57       3               18                        0.0             0.20427703857421875
--------------------------------------------------------------------------------------------------------------------------------------------------------------------------------------------------------
5382       replayd                                            aniket          running         2026-02-11 22:26:48       5               7                         0.0             0.14286041259765625
--------------------------------------------------------------------------------------------------------------------------------------------------------------------------------------------------------
5385       CommCenter                                         aniket          running         2026-02-11 22:27:11       6               10                        0.0             0.23136138916015625
--------------------------------------------------------------------------------------------------------------------------------------------------------------------------------------------------------
5386       CoreLocationAgent                                  aniket          running         2026-02-11 22:27:11       3               3                         0.0             0.540924072265625
--------------------------------------------------------------------------------------------------------------------------------------------------------------------------------------------------------
5387       syncdefaultsd                                      aniket          running         2026-02-11 22:27:11       2               15                        0.0             0.110626220703125
--------------------------------------------------------------------------------------------------------------------------------------------------------------------------------------------------------
5513       feedbackd                                          aniket          running         2026-02-11 22:28:27       2               7                         0.0             0.063323974609375
--------------------------------------------------------------------------------------------------------------------------------------------------------------------------------------------------------
5516       intelligenceflowd                                  aniket          running         2026-02-11 22:28:40       2               3                         0.0             0.078582763671875
--------------------------------------------------------------------------------------------------------------------------------------------------------------------------------------------------------
5517       Keychain Circle Notification                       aniket          running         2026-02-11 22:28:41       3               3                         0.0             0.213623046875 
--------------------------------------------------------------------------------------------------------------------------------------------------------------------------------------------------------
5519       cdpd                                               aniket          running         2026-02-11 22:28:42       2               4                         0.0             0.07476806640625
--------------------------------------------------------------------------------------------------------------------------------------------------------------------------------------------------------
5669       mlhostd                                            aniket          running         2026-02-11 22:32:11       2               4                         0.0             0.16937255859375
--------------------------------------------------------------------------------------------------------------------------------------------------------------------------------------------------------
5670       UsageTrackingAgent                                 aniket          running         2026-02-11 22:32:11       2               6                         0.0             0.1331329345703125
--------------------------------------------------------------------------------------------------------------------------------------------------------------------------------------------------------
5671       secinitd                                           aniket          running         2026-02-11 22:32:11       2               3                         0.0             0.07572174072265625
--------------------------------------------------------------------------------------------------------------------------------------------------------------------------------------------------------
5674       ManagedSettingsAgent                               aniket          running         2026-02-11 22:32:11       2               3                         0.0             0.06961822509765625
--------------------------------------------------------------------------------------------------------------------------------------------------------------------------------------------------------
5677       ScreenTimeAgent                                    aniket          running         2026-02-11 22:32:17       2               12                        0.0             0.167083740234375
--------------------------------------------------------------------------------------------------------------------------------------------------------------------------------------------------------
5678       dmd                                                aniket          running         2026-02-11 22:32:17       3               9                         0.0             0.10623931884765625
--------------------------------------------------------------------------------------------------------------------------------------------------------------------------------------------------------
5799       mdworker_shared                                    aniket          running         2026-02-11 22:33:23       4               3                         0.0             0.27923583984375
--------------------------------------------------------------------------------------------------------------------------------------------------------------------------------------------------------
5800       mdworker_shared                                    aniket          running         2026-02-11 22:33:31       4               3                         0.0             0.3154754638671875
--------------------------------------------------------------------------------------------------------------------------------------------------------------------------------------------------------
5802       mdworker_shared                                    aniket          running         2026-02-11 22:34:09       4               4                         0.0             0.22449493408203125
--------------------------------------------------------------------------------------------------------------------------------------------------------------------------------------------------------
5803       AXVisualSupportAgent                               aniket          running         2026-02-11 22:34:16       7               3                         0.0             0.5067825317382812
--------------------------------------------------------------------------------------------------------------------------------------------------------------------------------------------------------
5922       Python                                             aniket          running         2026-02-11 22:34:19       1               4                         15.0            0.23193359375  
--------------------------------------------------------------------------------------------------------------------------------------------------------------------------------------------------------


TOP 10 Memory Consuming Processes

PID        Name                                               Username        Memory Percent            RSS (in MB)          VMS (in MB)          Status               Create Time    
--------------------------------------------------------------------------------------------------------------------------------------------------------------------------------------------------------
1304       Code Helper (Renderer)                             aniket          5.3791046142578125        440.65625            1851293.953125       running              2026-02-11 21:11:30
--------------------------------------------------------------------------------------------------------------------------------------------------------------------------------------------------------
1799       Code Helper (Plugin)                               aniket          5.145263671875            421.5                1852842.8125         running              2026-02-11 21:21:29
--------------------------------------------------------------------------------------------------------------------------------------------------------------------------------------------------------
1697       Code Helper (Plugin)                               aniket          3.9745330810546875        325.59375            1847879.296875       running              2026-02-11 21:21:23
--------------------------------------------------------------------------------------------------------------------------------------------------------------------------------------------------------
1296       Electron                                           aniket          2.2192001342773438        181.796875           1864890.40625        running              2026-02-11 21:11:28
--------------------------------------------------------------------------------------------------------------------------------------------------------------------------------------------------------
1280       com.apple.WebKit.WebContent                        aniket          1.7370223999023438        142.296875           496396.390625        sleeping             2026-02-11 21:07:38
--------------------------------------------------------------------------------------------------------------------------------------------------------------------------------------------------------
948        Safari                                             aniket          1.4055252075195312        115.140625           431146.1875          running              2026-02-11 20:22:45
--------------------------------------------------------------------------------------------------------------------------------------------------------------------------------------------------------
1300       Code Helper (GPU)                                  aniket          1.0118484497070312        82.890625            458480.984375        running              2026-02-11 21:11:29
--------------------------------------------------------------------------------------------------------------------------------------------------------------------------------------------------------
1723       Code Helper (Plugin)                               aniket          0.9134292602539062        74.828125            1846145.65625        running              2026-02-11 21:21:28
--------------------------------------------------------------------------------------------------------------------------------------------------------------------------------------------------------
590        Finder                                             aniket          0.9107589721679688        74.609375            425625.9375          running              2026-02-11 20:22:11
--------------------------------------------------------------------------------------------------------------------------------------------------------------------------------------------------------
1315       Code Helper                                        aniket          0.879669189453125         72.0625              1864257.625          running              2026-02-11 21:11:30
--------------------------------------------------------------------------------------------------------------------------------------------------------------------------------------------------------
--------------------------------------------------
---------------- End of Log File -----------------
--------------------------------------------------
